<?xml version="1.0" encoding="UTF-8"?>
<!-- Generated by org.testng.reporters.JUnitReportReporter -->
<testsuite skipped="0" hostname="DESKTOP-946O57P" name="tests.ProductActionsTest" tests="1" failures="0" timestamp="26 ноя 2020 16:18:36 GMT" time="8.681" errors="0">
  <testcase name="homePageTest" time="8.681" classname="tests.ProductActionsTest"/>
</testsuite> <!-- tests.ProductActionsTest -->
