<?xml version="1.0" encoding="UTF-8"?>
<!-- Generated by org.testng.reporters.JUnitReportReporter -->
<testsuite skipped="0" hostname="DESKTOP-946O57P" name="tests.ProductActionsTest" tests="1" failures="0" timestamp="26 ноя 2020 11:20:52 GMT" time="12.268" errors="0">
  <testcase name="homePageTest" time="12.268" classname="tests.ProductActionsTest"/>
</testsuite> <!-- tests.ProductActionsTest -->
